<?xml version="1.0" encoding="UTF-8"?>
<!-- Generated by org.testng.reporters.JUnitXMLReporter -->
<testsuite ignored="0" hostname="DESKTOP-5998FNF" failures="0" tests="5" name="Default test" time="36.325" errors="0" timestamp="2026-02-21T14:32:47 EET">
  <testcase classname="MySetupTest.HomePage" name="MyTese" time="13.174"/>
  <testcase classname="MySetupTest.HomePage" name="Logout" time="4.017"/>
  <testcase classname="MySetupTest.HomePage" name="Login" time="7.177"/>
  <testcase classname="MySetupTest.HomePage" name="AddToCart" time="3.021"/>
  <testcase classname="MySetupTest.HomePage" name="CheckOut" time="5.056"/>
</testsuite> <!-- Default test -->
