<?xml version="1.0" encoding="UTF-8"?>
<testng-results ignored="0" total="5" passed="5" failed="0" skipped="0">
  <reporter-output>
  </reporter-output>
  <suite started-at="2026-02-21T14:32:10 EET" name="Default suite" finished-at="2026-02-21T14:32:47 EET" duration-ms="36325">
    <groups>
    </groups>
    <test started-at="2026-02-21T14:32:10 EET" name="Default test" finished-at="2026-02-21T14:32:47 EET" duration-ms="36325">
      <class name="MySetupTest.HomePage">
        <test-method is-config="true" signature="MyTestA()[pri:0, instance:MySetupTest.HomePage@4c550889]" started-at="2026-02-21T14:32:10 EET" name="MyTestA" finished-at="2026-02-21T14:32:13 EET" duration-ms="2377" status="PASS">
          <reporter-output>
          </reporter-output>
        </test-method> <!-- MyTestA -->
        <test-method is-config="true" signature="MySetup()[pri:0, instance:MySetupTest.HomePage@4c550889]" started-at="2026-02-21T14:32:13 EET" name="MySetup" finished-at="2026-02-21T14:32:14 EET" depends-on-methods="MySetupTest.TestElement.MyTestA" duration-ms="1329" status="PASS">
          <reporter-output>
          </reporter-output>
        </test-method> <!-- MySetup -->
        <test-method signature="MyTese()[pri:1, instance:MySetupTest.HomePage@4c550889]" started-at="2026-02-21T14:32:14 EET" name="MyTese" finished-at="2026-02-21T14:32:27 EET" duration-ms="13174" status="PASS">
          <reporter-output>
          </reporter-output>
        </test-method> <!-- MyTese -->
        <test-method signature="Logout()[pri:2, instance:MySetupTest.HomePage@4c550889]" started-at="2026-02-21T14:32:27 EET" name="Logout" finished-at="2026-02-21T14:32:31 EET" duration-ms="4017" status="PASS">
          <reporter-output>
          </reporter-output>
        </test-method> <!-- Logout -->
        <test-method signature="Login()[pri:3, instance:MySetupTest.HomePage@4c550889]" started-at="2026-02-21T14:32:31 EET" name="Login" finished-at="2026-02-21T14:32:39 EET" duration-ms="7177" status="PASS">
          <reporter-output>
          </reporter-output>
        </test-method> <!-- Login -->
        <test-method signature="AddToCart()[pri:4, instance:MySetupTest.HomePage@4c550889]" started-at="2026-02-21T14:32:39 EET" name="AddToCart" finished-at="2026-02-21T14:32:42 EET" duration-ms="3021" status="PASS">
          <reporter-output>
          </reporter-output>
        </test-method> <!-- AddToCart -->
        <test-method signature="CheckOut()[pri:5, instance:MySetupTest.HomePage@4c550889]" started-at="2026-02-21T14:32:42 EET" name="CheckOut" finished-at="2026-02-21T14:32:47 EET" duration-ms="5056" status="PASS">
          <reporter-output>
          </reporter-output>
        </test-method> <!-- CheckOut -->
      </class> <!-- MySetupTest.HomePage -->
    </test> <!-- Default test -->
  </suite> <!-- Default suite -->
</testng-results>
