<?xml version="1.0" encoding="UTF-8"?>
<!-- Generated by org.testng.reporters.JUnitReportReporter -->
<testsuite hostname="DESKTOP-5998FNF" failures="0" tests="5" name="MySetupTest.HomePage" time="32.445" errors="0" timestamp="2026-02-21T14:32:47 EET" skipped="0">
  <testcase classname="MySetupTest.HomePage" name="MyTese" time="13.174"/>
  <testcase classname="MySetupTest.HomePage" name="Logout" time="4.017"/>
  <testcase classname="MySetupTest.HomePage" name="Login" time="7.177"/>
  <testcase classname="MySetupTest.HomePage" name="AddToCart" time="3.021"/>
  <testcase classname="MySetupTest.HomePage" name="CheckOut" time="5.056"/>
</testsuite> <!-- MySetupTest.HomePage -->
